============================= test session starts ==============================
platform darwin -- Python 3.10.2, pytest-9.1.1, pluggy-1.6.0 -- /Users/jimmyli/Desktop/F-1/computer vision/CSC-8830_computer_vision/module3/.venv/bin/python
cachedir: .pytest_cache
rootdir: /Users/jimmyli/Desktop/F-1/computer vision/CSC-8830_computer_vision/module3
plugins: anyio-4.15.1
collecting ... collected 81 items

tests/test_app.py::test_app_runs_only_on_button_and_invalidates_settings PASSED [  1%]
tests/test_filtering.py::test_random_asymmetric_kernel[spatial_convolve] PASSED [  2%]
tests/test_filtering.py::test_random_asymmetric_kernel[fourier_convolve] PASSED [  3%]
tests/test_filtering.py::test_impulse_preserves_kernel_orientation[spatial_convolve] PASSED [  4%]
tests/test_filtering.py::test_impulse_preserves_kernel_orientation[fourier_convolve] PASSED [  6%]
tests/test_filtering.py::test_constant_zero_padding_edges[spatial_convolve] PASSED [  7%]
tests/test_filtering.py::test_constant_zero_padding_edges[fourier_convolve] PASSED [  8%]
tests/test_filtering.py::test_non_square_and_kernel_larger_than_image[spatial_convolve-shape0] PASSED [  9%]
tests/test_filtering.py::test_non_square_and_kernel_larger_than_image[spatial_convolve-shape1] PASSED [ 11%]
tests/test_filtering.py::test_non_square_and_kernel_larger_than_image[spatial_convolve-shape2] PASSED [ 12%]
tests/test_filtering.py::test_non_square_and_kernel_larger_than_image[spatial_convolve-shape3] PASSED [ 13%]
tests/test_filtering.py::test_non_square_and_kernel_larger_than_image[spatial_convolve-shape4] PASSED [ 14%]
tests/test_filtering.py::test_non_square_and_kernel_larger_than_image[fourier_convolve-shape0] PASSED [ 16%]
tests/test_filtering.py::test_non_square_and_kernel_larger_than_image[fourier_convolve-shape1] PASSED [ 17%]
tests/test_filtering.py::test_non_square_and_kernel_larger_than_image[fourier_convolve-shape2] PASSED [ 18%]
tests/test_filtering.py::test_non_square_and_kernel_larger_than_image[fourier_convolve-shape3] PASSED [ 19%]
tests/test_filtering.py::test_non_square_and_kernel_larger_than_image[fourier_convolve-shape4] PASSED [ 20%]
tests/test_filtering.py::test_identity_kernel[spatial_convolve] PASSED   [ 22%]
tests/test_filtering.py::test_identity_kernel[fourier_convolve] PASSED   [ 23%]
tests/test_filtering.py::test_blur_kernels_against_scipy[spatial_convolve-1-box] PASSED [ 24%]
tests/test_filtering.py::test_blur_kernels_against_scipy[spatial_convolve-1-gaussian] PASSED [ 25%]
tests/test_filtering.py::test_blur_kernels_against_scipy[spatial_convolve-3-box] PASSED [ 27%]
tests/test_filtering.py::test_blur_kernels_against_scipy[spatial_convolve-3-gaussian] PASSED [ 28%]
tests/test_filtering.py::test_blur_kernels_against_scipy[spatial_convolve-7-box] PASSED [ 29%]
tests/test_filtering.py::test_blur_kernels_against_scipy[spatial_convolve-7-gaussian] PASSED [ 30%]
tests/test_filtering.py::test_blur_kernels_against_scipy[spatial_convolve-15-box] PASSED [ 32%]
tests/test_filtering.py::test_blur_kernels_against_scipy[spatial_convolve-15-gaussian] PASSED [ 33%]
tests/test_filtering.py::test_blur_kernels_against_scipy[fourier_convolve-1-box] PASSED [ 34%]
tests/test_filtering.py::test_blur_kernels_against_scipy[fourier_convolve-1-gaussian] PASSED [ 35%]
tests/test_filtering.py::test_blur_kernels_against_scipy[fourier_convolve-3-box] PASSED [ 37%]
tests/test_filtering.py::test_blur_kernels_against_scipy[fourier_convolve-3-gaussian] PASSED [ 38%]
tests/test_filtering.py::test_blur_kernels_against_scipy[fourier_convolve-7-box] PASSED [ 39%]
tests/test_filtering.py::test_blur_kernels_against_scipy[fourier_convolve-7-gaussian] PASSED [ 40%]
tests/test_filtering.py::test_blur_kernels_against_scipy[fourier_convolve-15-box] PASSED [ 41%]
tests/test_filtering.py::test_blur_kernels_against_scipy[fourier_convolve-15-gaussian] PASSED [ 43%]
tests/test_filtering.py::test_invalid_kernel_size[0] PASSED              [ 44%]
tests/test_filtering.py::test_invalid_kernel_size[-1] PASSED             [ 45%]
tests/test_filtering.py::test_invalid_kernel_size[2] PASSED              [ 46%]
tests/test_filtering.py::test_invalid_kernel_size[4] PASSED              [ 48%]
tests/test_filtering.py::test_invalid_kernel_size[1.5] PASSED            [ 49%]
tests/test_filtering.py::test_invalid_kernel_size[True] PASSED           [ 50%]
tests/test_filtering.py::test_invalid_kernel_size[3] PASSED              [ 51%]
tests/test_filtering.py::test_invalid_sigma[0] PASSED                    [ 53%]
tests/test_filtering.py::test_invalid_sigma[-1] PASSED                   [ 54%]
tests/test_filtering.py::test_invalid_sigma[inf] PASSED                  [ 55%]
tests/test_filtering.py::test_invalid_sigma[nan] PASSED                  [ 56%]
tests/test_filtering.py::test_invalid_sigma[None] PASSED                 [ 58%]
tests/test_filtering.py::test_invalid_sigma[True] PASSED                 [ 59%]
tests/test_filtering.py::test_invalid_sigma[1] PASSED                    [ 60%]
tests/test_filtering.py::test_tiny_sigma_is_finite_and_normalized PASSED [ 61%]
tests/test_filtering.py::test_invalid_images[image0-spatial_convolve] PASSED [ 62%]
tests/test_filtering.py::test_invalid_images[image0-fourier_convolve] PASSED [ 64%]
tests/test_filtering.py::test_invalid_images[image1-spatial_convolve] PASSED [ 65%]
tests/test_filtering.py::test_invalid_images[image1-fourier_convolve] PASSED [ 66%]
tests/test_filtering.py::test_invalid_images[image2-spatial_convolve] PASSED [ 67%]
tests/test_filtering.py::test_invalid_images[image2-fourier_convolve] PASSED [ 69%]
tests/test_filtering.py::test_invalid_images[image3-spatial_convolve] PASSED [ 70%]
tests/test_filtering.py::test_invalid_images[image3-fourier_convolve] PASSED [ 71%]
tests/test_filtering.py::test_invalid_images[image4-spatial_convolve] PASSED [ 72%]
tests/test_filtering.py::test_invalid_images[image4-fourier_convolve] PASSED [ 74%]
tests/test_filtering.py::test_invalid_images[image5-spatial_convolve] PASSED [ 75%]
tests/test_filtering.py::test_invalid_images[image5-fourier_convolve] PASSED [ 76%]
tests/test_filtering.py::test_invalid_images[image6-spatial_convolve] PASSED [ 77%]
tests/test_filtering.py::test_invalid_images[image6-fourier_convolve] PASSED [ 79%]
tests/test_filtering.py::test_invalid_kernel_array[kernel0-spatial_convolve] PASSED [ 80%]
tests/test_filtering.py::test_invalid_kernel_array[kernel0-fourier_convolve] PASSED [ 81%]
tests/test_filtering.py::test_invalid_kernel_array[kernel1-spatial_convolve] PASSED [ 82%]
tests/test_filtering.py::test_invalid_kernel_array[kernel1-fourier_convolve] PASSED [ 83%]
tests/test_filtering.py::test_invalid_kernel_array[kernel2-spatial_convolve] PASSED [ 85%]
tests/test_filtering.py::test_invalid_kernel_array[kernel2-fourier_convolve] PASSED [ 86%]
tests/test_filtering.py::test_invalid_kernel_array[kernel3-spatial_convolve] PASSED [ 87%]
tests/test_filtering.py::test_invalid_kernel_array[kernel3-fourier_convolve] PASSED [ 88%]
tests/test_filtering.py::test_invalid_kernel_array[kernel4-spatial_convolve] PASSED [ 90%]
tests/test_filtering.py::test_invalid_kernel_array[kernel4-fourier_convolve] PASSED [ 91%]
tests/test_filtering.py::test_full_padding_crop_and_no_circular_wrap PASSED [ 92%]
tests/test_filtering.py::test_imaginary_residual_guard PASSED            [ 93%]
tests/test_filtering.py::test_raw_error_metrics_do_not_clip PASSED       [ 95%]
tests/test_filtering.py::test_comparison_and_input_preservation PASSED   [ 96%]
tests/test_filtering.py::test_invalid_filter_and_comparison_shape PASSED [ 97%]
tests/test_image_handling.py::test_exif_orientation_and_aspect_ratio PASSED [ 98%]
tests/test_image_handling.py::test_float64_range_and_no_upscaling PASSED [100%]

- generated xml file: /Users/jimmyli/Desktop/F-1/computer vision/CSC-8830_computer_vision/module3/results/test_results.xml -
============================== 81 passed in 3.84s ==============================
