<?xml version="1.0" encoding="utf-8"?><testsuites name="pytest tests"><testsuite name="pytest" errors="0" failures="0" skipped="0" tests="81" time="3.844" timestamp="2026-09-21T17:28:23.262384-04:00" hostname="Jimmys-MBP-5.wifi.gsu.edu"><testcase classname="tests.test_app" name="test_app_runs_only_on_button_and_invalidates_settings" time="2.697" /><testcase classname="tests.test_filtering" name="test_random_asymmetric_kernel[spatial_convolve]" time="0.001" /><testcase classname="tests.test_filtering" name="test_random_asymmetric_kernel[fourier_convolve]" time="0.001" /><testcase classname="tests.test_filtering" name="test_impulse_preserves_kernel_orientation[spatial_convolve]" time="0.002" /><testcase classname="tests.test_filtering" name="test_impulse_preserves_kernel_orientation[fourier_convolve]" time="0.001" /><testcase classname="tests.test_filtering" name="test_constant_zero_padding_edges[spatial_convolve]" time="0.001" /><testcase classname="tests.test_filtering" name="test_constant_zero_padding_edges[fourier_convolve]" time="0.001" /><testcase classname="tests.test_filtering" name="test_non_square_and_kernel_larger_than_image[spatial_convolve-shape0]" time="0.001" /><testcase classname="tests.test_filtering" name="test_non_square_and_kernel_larger_than_image[spatial_convolve-shape1]" time="0.001" /><testcase classname="tests.test_filtering" name="test_non_square_and_kernel_larger_than_image[spatial_convolve-shape2]" time="0.002" /><testcase classname="tests.test_filtering" name="test_non_square_and_kernel_larger_than_image[spatial_convolve-shape3]" time="0.002" /><testcase classname="tests.test_filtering" name="test_non_square_and_kernel_larger_than_image[spatial_convolve-shape4]" time="0.001" /><testcase classname="tests.test_filtering" name="test_non_square_and_kernel_larger_than_image[fourier_convolve-shape0]" time="0.001" /><testcase classname="tests.test_filtering" name="test_non_square_and_kernel_larger_than_image[fourier_convolve-shape1]" time="0.001" /><testcase classname="tests.test_filtering" name="test_non_square_and_kernel_larger_than_image[fourier_convolve-shape2]" time="0.001" /><testcase classname="tests.test_filtering" name="test_non_square_and_kernel_larger_than_image[fourier_convolve-shape3]" time="0.001" /><testcase classname="tests.test_filtering" name="test_non_square_and_kernel_larger_than_image[fourier_convolve-shape4]" time="0.001" /><testcase classname="tests.test_filtering" name="test_identity_kernel[spatial_convolve]" time="0.001" /><testcase classname="tests.test_filtering" name="test_identity_kernel[fourier_convolve]" time="0.001" /><testcase classname="tests.test_filtering" name="test_blur_kernels_against_scipy[spatial_convolve-1-box]" time="0.002" /><testcase classname="tests.test_filtering" name="test_blur_kernels_against_scipy[spatial_convolve-1-gaussian]" time="0.002" /><testcase classname="tests.test_filtering" name="test_blur_kernels_against_scipy[spatial_convolve-3-box]" time="0.001" /><testcase classname="tests.test_filtering" name="test_blur_kernels_against_scipy[spatial_convolve-3-gaussian]" time="0.001" /><testcase classname="tests.test_filtering" name="test_blur_kernels_against_scipy[spatial_convolve-7-box]" time="0.002" /><testcase classname="tests.test_filtering" name="test_blur_kernels_against_scipy[spatial_convolve-7-gaussian]" time="0.002" /><testcase classname="tests.test_filtering" name="test_blur_kernels_against_scipy[spatial_convolve-15-box]" time="0.003" /><testcase classname="tests.test_filtering" name="test_blur_kernels_against_scipy[spatial_convolve-15-gaussian]" time="0.002" /><testcase classname="tests.test_filtering" name="test_blur_kernels_against_scipy[fourier_convolve-1-box]" time="0.002" /><testcase classname="tests.test_filtering" name="test_blur_kernels_against_scipy[fourier_convolve-1-gaussian]" time="0.002" /><testcase classname="tests.test_filtering" name="test_blur_kernels_against_scipy[fourier_convolve-3-box]" time="0.002" /><testcase classname="tests.test_filtering" name="test_blur_kernels_against_scipy[fourier_convolve-3-gaussian]" time="0.002" /><testcase classname="tests.test_filtering" name="test_blur_kernels_against_scipy[fourier_convolve-7-box]" time="0.002" /><testcase classname="tests.test_filtering" name="test_blur_kernels_against_scipy[fourier_convolve-7-gaussian]" time="0.002" /><testcase classname="tests.test_filtering" name="test_blur_kernels_against_scipy[fourier_convolve-15-box]" time="0.002" /><testcase classname="tests.test_filtering" name="test_blur_kernels_against_scipy[fourier_convolve-15-gaussian]" time="0.002" /><testcase classname="tests.test_filtering" name="test_invalid_kernel_size[0]" time="0.001" /><testcase classname="tests.test_filtering" name="test_invalid_kernel_size[-1]" time="0.001" /><testcase classname="tests.test_filtering" name="test_invalid_kernel_size[2]" time="0.001" /><testcase classname="tests.test_filtering" name="test_invalid_kernel_size[4]" time="0.001" /><testcase classname="tests.test_filtering" name="test_invalid_kernel_size[1.5]" time="0.001" /><testcase classname="tests.test_filtering" name="test_invalid_kernel_size[True]" time="0.001" /><testcase classname="tests.test_filtering" name="test_invalid_kernel_size[3]" time="0.001" /><testcase classname="tests.test_filtering" name="test_invalid_sigma[0]" time="0.001" /><testcase classname="tests.test_filtering" name="test_invalid_sigma[-1]" time="0.001" /><testcase classname="tests.test_filtering" name="test_invalid_sigma[inf]" time="0.001" /><testcase classname="tests.test_filtering" name="test_invalid_sigma[nan]" time="0.001" /><testcase classname="tests.test_filtering" name="test_invalid_sigma[None]" time="0.001" /><testcase classname="tests.test_filtering" name="test_invalid_sigma[True]" time="0.001" /><testcase classname="tests.test_filtering" name="test_invalid_sigma[1]" time="0.001" /><testcase classname="tests.test_filtering" name="test_tiny_sigma_is_finite_and_normalized" time="0.001" /><testcase classname="tests.test_filtering" name="test_invalid_images[image0-spatial_convolve]" time="0.001" /><testcase classname="tests.test_filtering" name="test_invalid_images[image0-fourier_convolve]" time="0.001" /><testcase classname="tests.test_filtering" name="test_invalid_images[image1-spatial_convolve]" time="0.001" /><testcase classname="tests.test_filtering" name="test_invalid_images[image1-fourier_convolve]" time="0.001" /><testcase classname="tests.test_filtering" name="test_invalid_images[image2-spatial_convolve]" time="0.001" /><testcase classname="tests.test_filtering" name="test_invalid_images[image2-fourier_convolve]" time="0.001" /><testcase classname="tests.test_filtering" name="test_invalid_images[image3-spatial_convolve]" time="0.002" /><testcase classname="tests.test_filtering" name="test_invalid_images[image3-fourier_convolve]" time="0.001" /><testcase classname="tests.test_filtering" name="test_invalid_images[image4-spatial_convolve]" time="0.001" /><testcase classname="tests.test_filtering" name="test_invalid_images[image4-fourier_convolve]" time="0.001" /><testcase classname="tests.test_filtering" name="test_invalid_images[image5-spatial_convolve]" time="0.001" /><testcase classname="tests.test_filtering" name="test_invalid_images[image5-fourier_convolve]" time="0.001" /><testcase classname="tests.test_filtering" name="test_invalid_images[image6-spatial_convolve]" time="0.001" /><testcase classname="tests.test_filtering" name="test_invalid_images[image6-fourier_convolve]" time="0.001" /><testcase classname="tests.test_filtering" name="test_invalid_kernel_array[kernel0-spatial_convolve]" time="0.001" /><testcase classname="tests.test_filtering" name="test_invalid_kernel_array[kernel0-fourier_convolve]" time="0.001" /><testcase classname="tests.test_filtering" name="test_invalid_kernel_array[kernel1-spatial_convolve]" time="0.001" /><testcase classname="tests.test_filtering" name="test_invalid_kernel_array[kernel1-fourier_convolve]" time="0.001" /><testcase classname="tests.test_filtering" name="test_invalid_kernel_array[kernel2-spatial_convolve]" time="0.001" /><testcase classname="tests.test_filtering" name="test_invalid_kernel_array[kernel2-fourier_convolve]" time="0.001" /><testcase classname="tests.test_filtering" name="test_invalid_kernel_array[kernel3-spatial_convolve]" time="0.001" /><testcase classname="tests.test_filtering" name="test_invalid_kernel_array[kernel3-fourier_convolve]" time="0.001" /><testcase classname="tests.test_filtering" name="test_invalid_kernel_array[kernel4-spatial_convolve]" time="0.001" /><testcase classname="tests.test_filtering" name="test_invalid_kernel_array[kernel4-fourier_convolve]" time="0.001" /><testcase classname="tests.test_filtering" name="test_full_padding_crop_and_no_circular_wrap" time="0.001" /><testcase classname="tests.test_filtering" name="test_imaginary_residual_guard" time="0.001" /><testcase classname="tests.test_filtering" name="test_raw_error_metrics_do_not_clip" time="0.001" /><testcase classname="tests.test_filtering" name="test_comparison_and_input_preservation" time="0.002" /><testcase classname="tests.test_filtering" name="test_invalid_filter_and_comparison_shape" time="0.001" /><testcase classname="tests.test_image_handling" name="test_exif_orientation_and_aspect_ratio" time="0.010" /><testcase classname="tests.test_image_handling" name="test_float64_range_and_no_upscaling" time="0.001" /></testsuite></testsuites>